<?xml version="1.0" encoding="UTF-8"?>
<!-- Generated by org.testng.reporters.JUnitReportReporter -->
<testsuite hostname="Pratiksha" failures="0" tests="3" name="testNGAnnotation_Flags.GoogleSearchTestCase" time="34.648" errors="0" timestamp="2023-07-20T14:43:22 IST" skipped="0">
  <testcase classname="testNGAnnotation_Flags.GoogleSearchTestCase" name="search2" time="7.409"/>
  <testcase classname="testNGAnnotation_Flags.GoogleSearchTestCase" name="search1" time="10.083"/>
  <testcase classname="testNGAnnotation_Flags.GoogleSearchTestCase" name="search3" time="17.156"/>
</testsuite> <!-- testNGAnnotation_Flags.GoogleSearchTestCase -->
