<?xml version="1.0" encoding="UTF-8"?>
<!-- Generated by org.testng.reporters.JUnitReportReporter -->
<testsuite hostname="Pratiksha" failures="0" tests="1" name="testNGPackage.Sumo" time="0.004" errors="0" timestamp="2023-07-18T14:17:37 IST" skipped="0">
  <testcase classname="testNGPackage.Sumo" name="h" time="0.004">
    <system-out>
      <![CDATA[Sumo]]>
    </system-out>
  </testcase> <!-- h -->
  <system-out>
    <![CDATA[.....
Remo
Sumo]]>
  </system-out>
</testsuite> <!-- testNGPackage.Sumo -->
