<?xml version="1.0" encoding="UTF-8"?>
<!-- Generated by org.testng.reporters.JUnitReportReporter -->
<testsuite hostname="Pratiksha" failures="0" tests="2" name="testNGExecution.TestMethod1" time="0.028" errors="0" timestamp="2023-07-18T15:17:55 IST" skipped="0">
  <testcase classname="testNGExecution.TestMethod1" name="testMethod1" time="0.019">
    <system-out>
      <![CDATA[Thread id of testMethod1() : 19]]>
    </system-out>
  </testcase> <!-- testMethod1 -->
  <testcase classname="testNGExecution.TestMethod1" name="testMethod2" time="0.009">
    <system-out>
      <![CDATA[Thread id of testMethod2() : 20]]>
    </system-out>
  </testcase> <!-- testMethod2 -->
  <system-out>
    <![CDATA[Thread id of testMethod1() : 19
Thread id of testMethod4() : 19
Thread id of testMethod3() : 23
Thread id of testMethod2() : 20
Thread id of testMethod5() : 21
Thread id of testMethod6() : 22]]>
  </system-out>
</testsuite> <!-- testNGExecution.TestMethod1 -->
