<?xml version="1.0" encoding="UTF-8"?>
<!-- Generated by org.testng.reporters.JUnitReportReporter -->
<testsuite hostname="Pratiksha" failures="0" tests="2" name="testNGExecution.TestMethod2" time="0.014" errors="0" timestamp="2023-07-18T15:17:55 IST" skipped="0">
  <testcase classname="testNGExecution.TestMethod2" name="testMethod4" time="0.006">
    <system-out>
      <![CDATA[Thread id of testMethod4() : 19]]>
    </system-out>
  </testcase> <!-- testMethod4 -->
  <testcase classname="testNGExecution.TestMethod2" name="testMethod3" time="0.008">
    <system-out>
      <![CDATA[Thread id of testMethod3() : 23]]>
    </system-out>
  </testcase> <!-- testMethod3 -->
  <system-out>
    <![CDATA[Thread id of testMethod1() : 19
Thread id of testMethod4() : 19
Thread id of testMethod3() : 23
Thread id of testMethod2() : 20
Thread id of testMethod5() : 21
Thread id of testMethod6() : 22]]>
  </system-out>
</testsuite> <!-- testNGExecution.TestMethod2 -->
