<?xml version="1.0" encoding="UTF-8"?>
<!-- Generated by org.testng.reporters.JUnitReportReporter -->
<testsuite hostname="Pratiksha" failures="0" tests="1" name="testNGPackage.Demo" time="0.016" errors="0" timestamp="2023-07-18T14:17:37 IST" skipped="0">
  <testcase classname="testNGPackage.Demo" name="f" time="0.016">
    <system-out>
      <![CDATA[.....]]>
    </system-out>
  </testcase> <!-- f -->
  <system-out>
    <![CDATA[.....
Remo
Sumo]]>
  </system-out>
</testsuite> <!-- testNGPackage.Demo -->
