<?xml version="1.0" encoding="UTF-8"?>
<!-- Generated by org.testng.reporters.JUnitReportReporter -->
<testsuite hostname="Pratiksha" failures="0" tests="8" name="testNGAnnotation_Flags.Flag4" time="0.133" errors="0" timestamp="2023-07-24T14:09:01 IST" skipped="0">
  <testcase classname="testNGAnnotation_Flags.Flag4" name="d" time="0.051"/>
  <testcase classname="testNGAnnotation_Flags.Flag4" name="i" time="0.007"/>
  <testcase classname="testNGAnnotation_Flags.Flag4" name="f" time="0.005"/>
  <testcase classname="testNGAnnotation_Flags.Flag4" name="e" time="0.011"/>
  <testcase classname="testNGAnnotation_Flags.Flag4" name="k" time="0.008"/>
  <testcase classname="testNGAnnotation_Flags.Flag4" name="p" time="0.043"/>
  <testcase classname="testNGAnnotation_Flags.Flag4" name="m" time="0.003"/>
  <testcase classname="testNGAnnotation_Flags.Flag4" name="z" time="0.005"/>
</testsuite> <!-- testNGAnnotation_Flags.Flag4 -->
