<?xml version="1.0" encoding="UTF-8"?>
<!-- Generated by org.testng.reporters.JUnitReportReporter -->
<testsuite hostname="Pratiksha" failures="0" tests="18" name="testNGAnnotation_Flags.Flag6" time="0.088" errors="0" timestamp="2023-07-22T15:35:39 IST" skipped="0">
  <testcase classname="testNGAnnotation_Flags.Flag6" name="itc3" time="0.002">
    <system-out>
      <![CDATA[ITC3]]>
    </system-out>
  </testcase> <!-- itc3 -->
  <testcase classname="testNGAnnotation_Flags.Flag6" name="itc1" time="0.004">
    <system-out>
      <![CDATA[ITC1]]>
    </system-out>
  </testcase> <!-- itc1 -->
  <testcase classname="testNGAnnotation_Flags.Flag6" name="stc6" time="0.001">
    <system-out>
      <![CDATA[STC6]]>
    </system-out>
  </testcase> <!-- stc6 -->
  <testcase classname="testNGAnnotation_Flags.Flag6" name="ftc4" time="0.007">
    <system-out>
      <![CDATA[FTC4]]>
    </system-out>
  </testcase> <!-- ftc4 -->
  <testcase classname="testNGAnnotation_Flags.Flag6" name="itc6" time="0.002">
    <system-out>
      <![CDATA[ITC6]]>
    </system-out>
  </testcase> <!-- itc6 -->
  <testcase classname="testNGAnnotation_Flags.Flag6" name="stc4" time="0.005">
    <system-out>
      <![CDATA[STC4]]>
    </system-out>
  </testcase> <!-- stc4 -->
  <testcase classname="testNGAnnotation_Flags.Flag6" name="itc2" time="0.001">
    <system-out>
      <![CDATA[ITC2]]>
    </system-out>
  </testcase> <!-- itc2 -->
  <testcase classname="testNGAnnotation_Flags.Flag6" name="stc2" time="0.009">
    <system-out>
      <![CDATA[STC2]]>
    </system-out>
  </testcase> <!-- stc2 -->
  <testcase classname="testNGAnnotation_Flags.Flag6" name="ftc5" time="0.009">
    <system-out>
      <![CDATA[FTC5]]>
    </system-out>
  </testcase> <!-- ftc5 -->
  <testcase classname="testNGAnnotation_Flags.Flag6" name="itc5" time="0.002">
    <system-out>
      <![CDATA[ITC5]]>
    </system-out>
  </testcase> <!-- itc5 -->
  <testcase classname="testNGAnnotation_Flags.Flag6" name="itc4" time="0.003">
    <system-out>
      <![CDATA[ITC4]]>
    </system-out>
  </testcase> <!-- itc4 -->
  <testcase classname="testNGAnnotation_Flags.Flag6" name="stc3" time="0.003">
    <system-out>
      <![CDATA[STC3]]>
    </system-out>
  </testcase> <!-- stc3 -->
  <testcase classname="testNGAnnotation_Flags.Flag6" name="stc5" time="0.003">
    <system-out>
      <![CDATA[STC5]]>
    </system-out>
  </testcase> <!-- stc5 -->
  <testcase classname="testNGAnnotation_Flags.Flag6" name="stc1" time="0.002">
    <system-out>
      <![CDATA[STC1]]>
    </system-out>
  </testcase> <!-- stc1 -->
  <testcase classname="testNGAnnotation_Flags.Flag6" name="ftc6" time="0.003">
    <system-out>
      <![CDATA[FTC6]]>
    </system-out>
  </testcase> <!-- ftc6 -->
  <testcase classname="testNGAnnotation_Flags.Flag6" name="ftc2" time="0.008">
    <system-out>
      <![CDATA[FTC2]]>
    </system-out>
  </testcase> <!-- ftc2 -->
  <testcase classname="testNGAnnotation_Flags.Flag6" name="ftc3" time="0.006">
    <system-out>
      <![CDATA[FTC3]]>
    </system-out>
  </testcase> <!-- ftc3 -->
  <testcase classname="testNGAnnotation_Flags.Flag6" name="ftc1" time="0.018">
    <system-out>
      <![CDATA[FTC1]]>
    </system-out>
  </testcase> <!-- ftc1 -->
  <system-out>
    <![CDATA[FTC1
FTC2
FTC3
FTC4
FTC5
FTC6
ITC1
ITC2
ITC3
ITC4
ITC5
ITC6
STC1
STC2
STC3
STC4
STC5
STC6]]>
  </system-out>
</testsuite> <!-- testNGAnnotation_Flags.Flag6 -->
