<?xml version="1.0" encoding="UTF-8"?>
<!-- Generated by org.testng.reporters.JUnitReportReporter -->
<testsuite hostname="Pratiksha" failures="0" tests="1" name="testNGPackage.TestNG" time="0.062" errors="0" timestamp="2023-07-18T14:06:41 IST" skipped="0">
  <testcase classname="testNGPackage.TestNG" name="f" time="0.062"/>
</testsuite> <!-- testNGPackage.TestNG -->
