<?xml version="1.0" encoding="UTF-8"?>
<!-- Generated by org.testng.reporters.JUnitReportReporter -->
<testsuite hostname="Pratiksha" failures="0" tests="2" name="testNGExecution.TestMethod3" time="0.038" errors="0" timestamp="2023-07-18T15:17:55 IST" skipped="0">
  <testcase classname="testNGExecution.TestMethod3" name="testMethod6" time="0.023">
    <system-out>
      <![CDATA[Thread id of testMethod6() : 22]]>
    </system-out>
  </testcase> <!-- testMethod6 -->
  <testcase classname="testNGExecution.TestMethod3" name="testMethod5" time="0.015">
    <system-out>
      <![CDATA[Thread id of testMethod5() : 21]]>
    </system-out>
  </testcase> <!-- testMethod5 -->
  <system-out>
    <![CDATA[Thread id of testMethod1() : 19
Thread id of testMethod4() : 19
Thread id of testMethod3() : 23
Thread id of testMethod2() : 20
Thread id of testMethod5() : 21
Thread id of testMethod6() : 22]]>
  </system-out>
</testsuite> <!-- testNGExecution.TestMethod3 -->
