<?xml version="1.0" encoding="UTF-8"?>
<!-- Generated by org.testng.reporters.JUnitReportReporter -->
<testsuite hostname="Pratiksha" failures="0" tests="2" name="testNGAnnotation_Flags.AnnotationsClass" time="0.018" errors="0" timestamp="2023-07-19T15:47:31 IST" skipped="0">
  <testcase classname="testNGAnnotation_Flags.AnnotationsClass" name="method10" time="0.007">
    <system-out>
      <![CDATA[Test Annotation]]>
    </system-out>
  </testcase> <!-- method10 -->
  <testcase classname="testNGAnnotation_Flags.AnnotationsClass" name="method1" time="0.011">
    <system-out>
      <![CDATA[Test Annotation]]>
    </system-out>
  </testcase> <!-- method1 -->
  <system-out>
    <![CDATA[BeforeSuite Annotation
BeforeTest Annotation
Beforeclass Annotation
BeforeMethod Annotation
Test Annotation
AfterMethod Annotation
BeforeMethod Annotation
Test Annotation
AfterMethod Annotation
AfterClass Annotation
AfterTest Annotation
AfterSuite Annotation]]>
  </system-out>
</testsuite> <!-- testNGAnnotation_Flags.AnnotationsClass -->
