<?xml version="1.0" encoding="UTF-8"?>
<!-- Generated by org.testng.reporters.JUnitReportReporter -->
<testsuite hostname="Pratiksha" failures="0" tests="1" name="testNGPackage.Remo" time="0.005" errors="0" timestamp="2023-07-18T14:17:37 IST" skipped="0">
  <testcase classname="testNGPackage.Remo" name="g" time="0.005">
    <system-out>
      <![CDATA[Remo]]>
    </system-out>
  </testcase> <!-- g -->
  <system-out>
    <![CDATA[.....
Remo
Sumo]]>
  </system-out>
</testsuite> <!-- testNGPackage.Remo -->
