<?xml version="1.0" encoding="UTF-8"?>
<!-- Generated by org.testng.reporters.JUnitReportReporter -->
<testsuite hostname="Pratiksha" failures="0" tests="2" name="testNGAnnotation_Flags.Flag2" time="0.017" errors="0" timestamp="2023-07-20T15:25:18 IST" skipped="1">
  <testcase classname="testNGAnnotation_Flags.Flag2" name="method2" time="0.017">
    <system-out>
      <![CDATA[Method 2 from flag 2]]>
    </system-out>
  </testcase> <!-- method2 -->
  <testcase classname="testNGAnnotation_Flags.Flag2" name="method1">
    <skipped/>
  </testcase> <!-- method1 -->
  <system-out>
    <![CDATA[Method 2 from flag 2]]>
  </system-out>
</testsuite> <!-- testNGAnnotation_Flags.Flag2 -->
