<?xml version="1.0" encoding="UTF-8"?>
<!-- Generated by org.testng.reporters.JUnitReportReporter -->
<testsuite hostname="Pratiksha" failures="0" tests="3" name="testNGAnnotation_Flags.Flag5" time="0.035" errors="0" timestamp="2023-07-22T15:05:28 IST" skipped="0">
  <testcase classname="testNGAnnotation_Flags.Flag5" name="createUserMethod" time="0.005"/>
  <testcase classname="testNGAnnotation_Flags.Flag5" name="loginMethod" time="0.027"/>
  <testcase classname="testNGAnnotation_Flags.Flag5" name="logoutMethod" time="0.003"/>
</testsuite> <!-- testNGAnnotation_Flags.Flag5 -->
