<?xml version="1.0" encoding="UTF-8"?>
<!-- Generated by org.testng.reporters.JUnitReportReporter -->
<testsuite hostname="Pratiksha" failures="0" tests="2" name="testNGExecution.SelectBrowser" time="25.112" errors="0" timestamp="2023-07-19T14:56:19 IST" skipped="0">
  <testcase classname="testNGExecution.SelectBrowser" name="testParallelMethod" time="16.293"/>
  <testcase classname="testNGExecution.SelectBrowser" name="testParallelMethod" time="8.819"/>
</testsuite> <!-- testNGExecution.SelectBrowser -->
